Using pre-set license
Built from '2020.2/release' branch; Version is '2020.2.2f1 (068178b99f32) revision 426360'; Using compiler version '192528614'; Build Type 'Release'
OS: 'Windows 10 Home; OS build 18363.1316; Version 1909; 64bit' Language: 'fr' Physical Memory: 16328 MB
BatchMode: 1, IsHumanControllingUs: 0, StartBugReporterOnCrash: 0, Is64bit: 1, IsPro: 0

 COMMAND LINE ARGUMENTS:
C:\Program Files\Unity\Hub\Editor\2020.2.2f1\Editor\Unity.exe
-adb2
-batchMode
-noUpm
-name
AssetImportWorker0
-projectPath
D:/Projet_Autoformation/Project_Unity_Autoformation/Project_Autoformation
-logFile
Logs/AssetImportWorker0.log
-srvPort
58930
Successfully changed project path to: D:/Projet_Autoformation/Project_Unity_Autoformation/Project_Autoformation
D:/Projet_Autoformation/Project_Unity_Autoformation/Project_Autoformation
Using Asset Import Pipeline V2.
Refreshing native plugins compatible for Editor in 20.46 ms, found 0 plugins.
Preloading 0 native plugins for Editor in 0.00 ms.
Initialize engine version: 2020.2.2f1 (068178b99f32)
[Subsystems] Discovering subsystems at path C:/Program Files/Unity/Hub/Editor/2020.2.2f1/Editor/Data/Resources/UnitySubsystems
[Subsystems] Discovering subsystems at path D:/Projet_Autoformation/Project_Unity_Autoformation/Project_Autoformation/Assets
GfxDevice: creating device client; threaded=0
Direct3D:
    Version:  Direct3D 11.0 [level 11.1]
    Renderer: NVIDIA GeForce RTX 2070 SUPER (ID=0x1e84)
    Vendor:   
    VRAM:     8011 MB
    Driver:   27.21.14.6089
Initialize mono
Mono path[0] = 'C:/Program Files/Unity/Hub/Editor/2020.2.2f1/Editor/Data/Managed'
Mono path[1] = 'C:/Program Files/Unity/Hub/Editor/2020.2.2f1/Editor/Data/MonoBleedingEdge/lib/mono/unityjit'
Mono config path = 'C:/Program Files/Unity/Hub/Editor/2020.2.2f1/Editor/Data/MonoBleedingEdge/etc'
Using monoOptions --debugger-agent=transport=dt_socket,embedding=1,server=y,suspend=n,address=127.0.0.1:56972
Begin MonoManager ReloadAssembly
Registering precompiled unity dll's ...
Register platform support module: C:/Program Files/Unity/Hub/Editor/2020.2.2f1/Editor/Data/PlaybackEngines/WindowsStandaloneSupport/UnityEditor.WindowsStandalone.Extensions.dll
Registered in 0.001677 seconds.
Native extension for WindowsStandalone target not found
Refreshing native plugins compatible for Editor in 19.70 ms, found 0 plugins.
Preloading 0 native plugins for Editor in 0.00 ms.
Invoked RoslynAnalysisRunner static constructor.
RoslynAnalysisRunner will not be running.
RoslynAnalysisRunner has terminated.
Mono: successfully reloaded assembly
- Completed reload, in  0.815 seconds
Platform modules already initialized, skipping
Registering precompiled user dll's ...
Registered in 0.000371 seconds.
Begin MonoManager ReloadAssembly
Native extension for WindowsStandalone target not found
Refreshing native plugins compatible for Editor in 0.42 ms, found 0 plugins.
Preloading 0 native plugins for Editor in 0.00 ms.
Invoked RoslynAnalysisRunner static constructor.
RoslynAnalysisRunner will not be running.
RoslynAnalysisRunner has terminated.
Mono: successfully reloaded assembly
- Completed reload, in  0.780 seconds
Platform modules already initialized, skipping
========================================================================
Worker process is ready to serve import requests
Launched and connected shader compiler UnityShaderCompiler.exe after 0.05 seconds
Refreshing native plugins compatible for Editor in 0.25 ms, found 0 plugins.
Preloading 0 native plugins for Editor in 0.00 ms.
Unloading 1100 Unused Serialized files (Serialized files now loaded: 0)
System memory in use before: 56.5 MB.
System memory in use after: 56.6 MB.

Unloading 10 unused Assets to reduce memory usage. Loaded Objects now: 1541.
Total: 1.754800 ms (FindLiveObjects: 0.235200 ms CreateObjectMapping: 0.045600 ms MarkObjects: 1.397400 ms  DeleteObjects: 0.074800 ms)

========================================================================
Received Import Request.
  path: Assets/Scripts/Coucou.cs
  artifactKey: Guid(0bd91b4f753b48049b97dc6b13686e3b) Importer(815301076,1909f56bfc062723c751e8b465ee728b)
Start importing Assets/Scripts/Coucou.cs using Guid(0bd91b4f753b48049b97dc6b13686e3b) Importer(815301076,1909f56bfc062723c751e8b465ee728b)  -> (artifact id: '7c7cfa8da25d4c96c45a0f779662fac8') in 0.070481 seconds
  Import took 0.072718 seconds .

========================================================================
Received Prepare
Registering precompiled user dll's ...
Registered in 0.000788 seconds.
Begin MonoManager ReloadAssembly
Native extension for WindowsStandalone target not found
Refreshing native plugins compatible for Editor in 0.38 ms, found 0 plugins.
Preloading 0 native plugins for Editor in 0.00 ms.
Invoked RoslynAnalysisRunner static constructor.
RoslynAnalysisRunner will not be running.
RoslynAnalysisRunner has terminated.
Mono: successfully reloaded assembly
- Completed reload, in  0.704 seconds
Platform modules already initialized, skipping
Refreshing native plugins compatible for Editor in 0.27 ms, found 0 plugins.
Preloading 0 native plugins for Editor in 0.00 ms.
Unloading 1095 Unused Serialized files (Serialized files now loaded: 0)
System memory in use before: 56.5 MB.
System memory in use after: 56.6 MB.

Unloading 5 unused Assets to reduce memory usage. Loaded Objects now: 1543.
Total: 1.664400 ms (FindLiveObjects: 0.188100 ms CreateObjectMapping: 0.025400 ms MarkObjects: 1.377000 ms  DeleteObjects: 0.072400 ms)

========================================================================
Received Prepare
Registering precompiled user dll's ...
Registered in 0.000380 seconds.
Begin MonoManager ReloadAssembly
Native extension for WindowsStandalone target not found
Refreshing native plugins compatible for Editor in 0.21 ms, found 0 plugins.
Preloading 0 native plugins for Editor in 0.00 ms.
Invoked RoslynAnalysisRunner static constructor.
RoslynAnalysisRunner will not be running.
RoslynAnalysisRunner has terminated.
Mono: successfully reloaded assembly
- Completed reload, in  0.572 seconds
Platform modules already initialized, skipping
Refreshing native plugins compatible for Editor in 0.21 ms, found 0 plugins.
Preloading 0 native plugins for Editor in 0.00 ms.
Unloading 1095 Unused Serialized files (Serialized files now loaded: 0)
System memory in use before: 56.7 MB.
System memory in use after: 56.7 MB.

Unloading 5 unused Assets to reduce memory usage. Loaded Objects now: 1545.
Total: 1.837300 ms (FindLiveObjects: 0.166000 ms CreateObjectMapping: 0.029500 ms MarkObjects: 1.587000 ms  DeleteObjects: 0.053300 ms)

========================================================================
Received Import Request.
  Time since last request: 31.252840 seconds.
  path: Assets/Scripts/Coucou.cs
  artifactKey: Guid(0bd91b4f753b48049b97dc6b13686e3b) Importer(815301076,1909f56bfc062723c751e8b465ee728b)
Start importing Assets/Scripts/Coucou.cs using Guid(0bd91b4f753b48049b97dc6b13686e3b) Importer(815301076,1909f56bfc062723c751e8b465ee728b)  -> (artifact id: '6d753b131b1a13a68c09f09f71a545fc') in 0.022194 seconds
  Import took 0.024112 seconds .

========================================================================
Received Prepare
Registering precompiled user dll's ...
Registered in 0.000417 seconds.
Begin MonoManager ReloadAssembly
Native extension for WindowsStandalone target not found
Refreshing native plugins compatible for Editor in 0.22 ms, found 0 plugins.
Preloading 0 native plugins for Editor in 0.00 ms.
Invoked RoslynAnalysisRunner static constructor.
RoslynAnalysisRunner will not be running.
RoslynAnalysisRunner has terminated.
Mono: successfully reloaded assembly
- Completed reload, in  0.669 seconds
Platform modules already initialized, skipping
Refreshing native plugins compatible for Editor in 0.21 ms, found 0 plugins.
Preloading 0 native plugins for Editor in 0.00 ms.
Unloading 1095 Unused Serialized files (Serialized files now loaded: 0)
System memory in use before: 56.8 MB.
System memory in use after: 56.8 MB.

Unloading 5 unused Assets to reduce memory usage. Loaded Objects now: 1547.
Total: 1.698100 ms (FindLiveObjects: 0.173700 ms CreateObjectMapping: 0.027300 ms MarkObjects: 1.442900 ms  DeleteObjects: 0.053100 ms)

AssetImportWorkerClient::OnTransportError - code=2 error=End of file
